<?xml version="1.0" encoding="UTF-8"?>
<testng-results skipped="0" failed="1" ignored="0" total="1" passed="0">
  <reporter-output>
    <line>
      <![CDATA[Inside SearchStudentTest Test!!!]]>
    </line>
  </reporter-output>
  <suite name="Default suite" duration-ms="276" started-at="2021-03-14T16:41:56 IST" finished-at="2021-03-14T16:41:56 IST">
    <groups>
    </groups>
    <test name="Default test" duration-ms="276" started-at="2021-03-14T16:41:56 IST" finished-at="2021-03-14T16:41:56 IST">
      <class name="com.w2a.testcases.SearchStudentTest">
        <test-method status="PASS" signature="setUp()[pri:0, instance:com.w2a.testcases.SearchStudentTest@16267862]" name="setUp" is-config="true" duration-ms="4519" started-at="2021-03-14T16:41:52 IST" finished-at="2021-03-14T16:41:56 IST">
          <reporter-output>
          </reporter-output>
        </test-method> <!-- setUp -->
        <test-method status="FAIL" signature="searchStudentTest(java.util.Hashtable)[pri:0, instance:com.w2a.testcases.SearchStudentTest@16267862]" name="searchStudentTest" duration-ms="171" started-at="2021-03-14T16:41:56 IST" data-provider="dp" finished-at="2021-03-14T16:41:56 IST">
          <params>
            <param index="0">
              <value>
                <![CDATA[{sno=100.0, runmode=Y}]]>
              </value>
            </param>
          </params>
          <exception class="java.lang.NullPointerException">
            <full-stacktrace>
              <![CDATA[java.lang.NullPointerException
at com.w2a.base.TestBase.click(TestBase.java:143)
at com.w2a.testcases.SearchStudentTest.searchStudentTest(SearchStudentTest.java:31)
at sun.reflect.NativeMethodAccessorImpl.invoke0(Native Method)
at sun.reflect.NativeMethodAccessorImpl.invoke(NativeMethodAccessorImpl.java:62)
at sun.reflect.DelegatingMethodAccessorImpl.invoke(DelegatingMethodAccessorImpl.java:43)
at java.lang.reflect.Method.invoke(Method.java:498)
at org.testng.internal.MethodInvocationHelper.invokeMethod(MethodInvocationHelper.java:134)
at org.testng.internal.TestInvoker.invokeMethod(TestInvoker.java:597)
at org.testng.internal.TestInvoker.invokeTestMethod(TestInvoker.java:173)
at org.testng.internal.MethodRunner.runInSequence(MethodRunner.java:46)
at org.testng.internal.TestInvoker$MethodInvocationAgent.invoke(TestInvoker.java:816)
at org.testng.internal.TestInvoker.invokeTestMethods(TestInvoker.java:146)
at org.testng.internal.TestMethodWorker.invokeTestMethods(TestMethodWorker.java:146)
at org.testng.internal.TestMethodWorker.run(TestMethodWorker.java:128)
at java.util.ArrayList.forEach(ArrayList.java:1257)
at org.testng.TestRunner.privateRun(TestRunner.java:766)
at org.testng.TestRunner.run(TestRunner.java:587)
at org.testng.SuiteRunner.runTest(SuiteRunner.java:384)
at org.testng.SuiteRunner.runSequentially(SuiteRunner.java:378)
at org.testng.SuiteRunner.privateRun(SuiteRunner.java:337)
at org.testng.SuiteRunner.run(SuiteRunner.java:286)
at org.testng.SuiteRunnerWorker.runSuite(SuiteRunnerWorker.java:53)
at org.testng.SuiteRunnerWorker.run(SuiteRunnerWorker.java:96)
at org.testng.TestNG.runSuitesSequentially(TestNG.java:1187)
at org.testng.TestNG.runSuitesLocally(TestNG.java:1109)
at org.testng.TestNG.runSuites(TestNG.java:1039)
at org.testng.TestNG.run(TestNG.java:1007)
at org.testng.remote.AbstractRemoteTestNG.run(AbstractRemoteTestNG.java:115)
at org.testng.remote.RemoteTestNG.initAndRun(RemoteTestNG.java:251)
at org.testng.remote.RemoteTestNG.main(RemoteTestNG.java:77)
]]>
            </full-stacktrace>
          </exception> <!-- java.lang.NullPointerException -->
          <reporter-output>
            <line>
              <![CDATA[Inside SearchStudentTest Test!!!]]>
            </line>
          </reporter-output>
        </test-method> <!-- searchStudentTest -->
        <test-method status="PASS" signature="tearDown()[pri:0, instance:com.w2a.testcases.SearchStudentTest@16267862]" name="tearDown" is-config="true" duration-ms="693" started-at="2021-03-14T16:41:56 IST" finished-at="2021-03-14T16:41:57 IST">
          <reporter-output>
          </reporter-output>
        </test-method> <!-- tearDown -->
      </class> <!-- com.w2a.testcases.SearchStudentTest -->
    </test> <!-- Default test -->
  </suite> <!-- Default suite -->
</testng-results>
